This file contains any messages produced by compilers while
running configure, to aid debugging if configure makes a mistake.

It was created by BBDB configure 2.36 devo, which was
generated by GNU Autoconf 2.68.  Invocation command line was

  $ ./configure 

## --------- ##
## Platform. ##
## --------- ##

hostname = chris-ntb
uname -m = i686
uname -r = 3.0.0-26-generic-pae
uname -s = Linux
uname -v = #43-Ubuntu SMP Tue Sep 25 17:39:44 UTC 2012

/usr/bin/uname -p = unknown
/bin/uname -X     = unknown

/bin/arch              = unknown
/usr/bin/arch -k       = unknown
/usr/convex/getsysinfo = unknown
/usr/bin/hostinfo      = unknown
/bin/machine           = unknown
/usr/bin/oslevel       = unknown
/bin/universe          = unknown

PATH: /usr/lib/lightdm/lightdm
PATH: /usr/local/sbin
PATH: /usr/local/bin
PATH: /usr/sbin
PATH: /usr/bin
PATH: /sbin
PATH: /bin
PATH: /usr/games


## ----------- ##
## Core tests. ##
## ----------- ##

configure:1737: checking whether make sets $(MAKE)
configure:1759: result: yes
configure:1811: checking for a BSD-compatible install
configure:1879: result: /usr/bin/install -c
configure:1890: checking whether ln -s works
configure:1894: result: yes
configure:1903: checking for rm
configure:1921: found /bin/rm
configure:1934: result: /bin/rm
configure:1944: checking for grep
configure:1962: found /bin/grep
configure:1975: result: /bin/grep
configure:1984: checking for my keys
configure:1986: result: not found
configure:1994: checking for gtar
configure:2024: result: no
configure:1994: checking for tar
configure:2010: found /bin/tar
configure:2021: result: tar
configure:2033: checking that tar is GNU tar
configure:2040: result: yes
configure:2054: checking for gzip
configure:2070: found /bin/gzip
configure:2081: result: gzip
configure:2107: checking for makeinfo
configure:2123: found /usr/bin/makeinfo
configure:2134: result: makeinfo
configure:2150: checking for texi2dvi
configure:2166: found /usr/bin/texi2dvi
configure:2177: result: texi2dvi
configure:2193: checking for etags
configure:2209: found /usr/bin/etags
configure:2220: result: etags
configure:2243: checking for emacs
configure:2261: found /usr/bin/emacs
configure:2273: result: /usr/bin/emacs
configure:2417: checking checking emacs-type of /usr/bin/emacs
configure:2423: result: emacs
configure:2645: creating ./config.status

## ---------------------- ##
## Running config.status. ##
## ---------------------- ##

This file was extended by BBDB config.status 2.36 devo, which was
generated by GNU Autoconf 2.68.  Invocation command line was

  CONFIG_FILES    = 
  CONFIG_HEADERS  = 
  CONFIG_LINKS    = 
  CONFIG_COMMANDS = 
  $ ./config.status 

on chris-ntb

config.status:762: creating Makefile
config.status:762: creating lisp/Makefile
config.status:762: creating texinfo/Makefile
config.status:762: creating tex/Makefile
config.status:762: creating utils/Makefile
config.status:762: creating testing/Makefile

## ---------------- ##
## Cache variables. ##
## ---------------- ##

ac_cv_env_build_alias_set=
ac_cv_env_build_alias_value=
ac_cv_env_host_alias_set=
ac_cv_env_host_alias_value=
ac_cv_env_target_alias_set=
ac_cv_env_target_alias_value=
ac_cv_path_EMACS_PROG=/usr/bin/emacs
ac_cv_path_GREP=/bin/grep
ac_cv_path_RM=/bin/rm
ac_cv_path_install='/usr/bin/install -c'
ac_cv_prog_COMPRESS=gzip
ac_cv_prog_ETAGS=etags
ac_cv_prog_MAKEINFO=makeinfo
ac_cv_prog_TAR=tar
ac_cv_prog_TEXI2DVI=texi2dvi
ac_cv_prog_make_make_set=yes

## ----------------- ##
## Output variables. ##
## ----------------- ##

BBDB_GNUS='gnus'
BBDB_LOADPATH='./loadpath.el'
BBDB_MHE=''
BBDB_REPORTMAIL=''
BBDB_RMAIL=''
BBDB_SC='bbdb-sc.elc'
BBDB_SRV=''
BBDB_VM=''
COMPEXT='gz'
COMPRESS='gzip --verbose --best'
DEFS='-DPACKAGE_NAME=\"BBDB\" -DPACKAGE_TARNAME=\"bbdb\" -DPACKAGE_VERSION=\"2.36\ devo\" -DPACKAGE_STRING=\"BBDB\ 2.36\ devo\" -DPACKAGE_BUGREPORT=\"bbdb-info@lists.sourceforge.net\" -DPACKAGE_URL=\"\"'
ECHO_C=''
ECHO_N='-n'
ECHO_T=''
EMACS_FLAVOR='emacs'
EMACS_PROG='/usr/bin/emacs'
ETAGS='etags'
GNUSDIR=''
GREP='/bin/grep'
GREPCONTEXT=''
HUSHMAKE='@'
INSTALL_DATA='${INSTALL} -m 644'
INSTALL_PROGRAM='${INSTALL}'
INSTALL_SCRIPT='${INSTALL}'
LIBOBJS=''
LIBS=''
LINKPATH=''
LN_S='ln -s'
LTLIBOBJS=''
MAKEINFO='makeinfo'
MHEDIR=''
OTHERDIRS=''
PACKAGEDIR='/usr/lib/xemacs/site-packages'
PACKAGE_BUGREPORT='bbdb-info@lists.sourceforge.net'
PACKAGE_NAME='BBDB'
PACKAGE_STRING='BBDB 2.36 devo'
PACKAGE_TARNAME='bbdb'
PACKAGE_URL=''
PACKAGE_VERSION='2.36 devo'
PATH_SEPARATOR=':'
RM='/bin/rm -f'
SET_MAKE=''
SHELL='/bin/bash'
SYMLINKS='no'
TAR='tar'
TEXI2DVI='texi2dvi'
VMDIR=''
bindir='${exec_prefix}/bin'
build_alias=''
datadir='${datarootdir}'
datarootdir='${prefix}/share'
docdir='${datarootdir}/doc/${PACKAGE_TARNAME}'
dvidir='${docdir}'
exec_prefix='${prefix}'
host_alias=''
htmldir='${docdir}'
includedir='${prefix}/include'
infodir='${datarootdir}/info'
libdir='${exec_prefix}/lib'
libexecdir='${exec_prefix}/libexec'
localedir='${datarootdir}/locale'
localstatedir='${prefix}/var'
mandir='${datarootdir}/man'
oldincludedir='/usr/include'
pdfdir='${docdir}'
prefix='/usr/local'
program_transform_name='s,x,x,'
psdir='${docdir}'
sbindir='${exec_prefix}/sbin'
sharedstatedir='${prefix}/com'
sysconfdir='${prefix}/etc'
target_alias=''

## ----------- ##
## confdefs.h. ##
## ----------- ##

/* confdefs.h */
#define PACKAGE_NAME "BBDB"
#define PACKAGE_TARNAME "bbdb"
#define PACKAGE_VERSION "2.36 devo"
#define PACKAGE_STRING "BBDB 2.36 devo"
#define PACKAGE_BUGREPORT "bbdb-info@lists.sourceforge.net"
#define PACKAGE_URL ""

configure: exit 0
